<?xml version="1.0"?>
<testsuite name="PhantomJS 2.1.1 (Mac OS X 0.0.0)" package="" timestamp="2016-02-08T04:05:02" id="0" hostname="iDmon.local" tests="1" errors="0" failures="0" time="0.002">
  <properties>
    <property name="browser.fullName" value="Mozilla/5.0 (Macintosh; Intel Mac OS X) AppleWebKit/538.1 (KHTML, like Gecko) PhantomJS/2.1.1 Safari/538.1"/>
  </properties>
  <testcase name="should return -1 when the value is not present" time="0.002" classname="PhantomJS_2_1_1_(Mac_OS_X_0_0_0).Array"/>
  <system-out>
    <![CDATA[PhantomJS 2.1.1 (Mac OS X 0.0.0) LOG: b{gearkey: 'appkey', gearsecret: 'appsecret', gearalias: null, client: null, subscriptions: [], requesttoken: Object{}, accesstoken: Object{}, scope: undefined}

]]>
  </system-out>
  <system-err/>
</testsuite>